<?xml version="1.0" encoding="UTF-8"?>
<!-- Generated by org.testng.reporters.JUnitXMLReporter -->
<testsuite hostname="DESKTOP-MRVJBNT" failures="7" tests="25" name="Test" time="17.067" errors="0" timestamp="10 Jun 2025 08:12:59 GMT">
  <testcase classname="com.menumitratCommonAPITestScript.TableListViewTestScript" name="verifyTableListView" time="1.743"/>
  <testcase classname="com.menumitratCommonAPITestScript.ActivityLogTestScript" name="activityLogTest" time="0.202"/>
  <testcase classname="com.menumitratCommonAPITestScript.ChefListViewTestScript" name="chefListViewTest" time="0.096"/>
  <testcase classname="com.menumitratCommonAPITestScript.ChefViewTestScript" name="chefViewTest" time="0.095"/>
  <testcase classname="com.menumitratCommonAPITestScript.ChefUpdateTestScript" name="updateChef" time="0.121"/>
  <testcase classname="com.menumitratCommonAPITestScript.ChefDeleteTestScript" name="deleteChef" time="0.071">
    <failure type="com.menumitra.utilityclass.customException" message="Test execution failed: Status code validation failed - Expected: 200, Actual: 404">
      <![CDATA[com.menumitra.utilityclass.customException: Test execution failed: Status code validation failed - Expected: 200, Actual: 404
	at com.menumitratCommonAPITestScript.ChefDeleteTestScript.deleteChef(ChefDeleteTestScript.java:236)
... Removed 22 stack frames]]>
    </failure>
  </testcase> <!-- deleteChef -->
  <testcase classname="com.menumitratCommonAPITestScript.CaptainCreateTestScript" name="captainCreateTest" time="0.095">
    <failure type="com.menumitra.utilityclass.customException" message="Error in captain create test: Status code mismatch - Expected: 200, Actual: 400">
      <![CDATA[com.menumitra.utilityclass.customException: Error in captain create test: Status code mismatch - Expected: 200, Actual: 400
	at com.menumitratCommonAPITestScript.CaptainCreateTestScript.captainCreateTest(CaptainCreateTestScript.java:238)
... Removed 22 stack frames]]>
    </failure>
  </testcase> <!-- captainCreateTest -->
  <testcase classname="com.menumitratCommonAPITestScript.CaptainUpdateTestScript" name="captainUpdateTest" time="0.099"/>
  <testcase classname="com.menumitratCommonAPITestScript.CaptainListViewTestScript" name="captainListViewTest" time="0.092"/>
  <testcase classname="com.menumitratCommonAPITestScript.CaptainViewTestScript" name="captainViewTest" time="0.077"/>
  <testcase classname="com.menumitratCommonAPITestScript.CaptainDeleteTestScript" name="deleteCaptain" time="0.062">
    <failure type="com.menumitra.utilityclass.customException" message="Test execution failed: Status code validation failed - Expected: 200, Actual: 404">
      <![CDATA[com.menumitra.utilityclass.customException: Test execution failed: Status code validation failed - Expected: 200, Actual: 404
	at com.menumitratCommonAPITestScript.CaptainDeleteTestScript.deleteCaptain(CaptainDeleteTestScript.java:235)
... Removed 22 stack frames]]>
    </failure>
  </testcase> <!-- deleteCaptain -->
  <testcase classname="com.menumitratCommonAPITestScript.StaffCreateTestScript" name="createStaff" time="0.014">
    <failure type="com.menumitra.utilityclass.customException" message="Error during staff creation test execution: JSONObject[&amp;quot;app_source&amp;quot;] not found.">
      <![CDATA[com.menumitra.utilityclass.customException: Error during staff creation test execution: JSONObject["app_source"] not found.
	at com.menumitratCommonAPITestScript.StaffCreateTestScript.createStaff(StaffCreateTestScript.java:259)
... Removed 22 stack frames]]>
    </failure>
  </testcase> <!-- createStaff -->
  <testcase classname="com.menumitratCommonAPITestScript.StaffUpdateTestScript" name="updateStaff" time="0.169"/>
  <testcase classname="com.menumitratCommonAPITestScript.StaffListViewTestScript" name="staffListViewTest" time="0.056"/>
  <testcase classname="com.menumitratCommonAPITestScript.StaffViewTestScript" name="verifyStaffView" time="0.074"/>
  <testcase classname="com.menumitratCommonAPITestScript.StaffDeleteTestScript" name="testStaffDelete" time="0.063">
    <failure type="com.menumitra.utilityclass.customException" message="Error during staff deletion test execution: Status code mismatch - Expected: 200, Actual: 404">
      <![CDATA[com.menumitra.utilityclass.customException: Error during staff deletion test execution: Status code mismatch - Expected: 200, Actual: 404
	at com.menumitratCommonAPITestScript.StaffDeleteTestScript.testStaffDelete(StaffDeleteTestScript.java:215)
... Removed 22 stack frames]]>
    </failure>
  </testcase> <!-- testStaffDelete -->
  <testcase classname="com.menumitratCommonAPITestScript.sectionCreateTestScript" name="verifySectionUsingValidInputData" time="0.123"/>
  <testcase classname="com.menumitratCommonAPITestScript.sectionUpdateTestScript" name="verifySectionUpdateUsingValidInputData" time="0.054"/>
  <testcase classname="com.menumitratCommonAPITestScript.sectionListViewTestScript" name="verifySectionListViewUsingValidInputData" time="0.898"/>
  <testcase classname="com.menumitratCommonAPITestScript.SectionViewTestScript" name="verifySectionViewUsingValidInputData" time="0.061"/>
  <testcase classname="com.menumitratCommonAPITestScript.SectionDeleteTestScript" name="verifySectionDeleteUsingValidInputData" time="0.073">
    <failure type="com.menumitra.utilityclass.customException" message="Error during section delete verification">
      <![CDATA[com.menumitra.utilityclass.customException: Error during section delete verification
	at com.menumitratCommonAPITestScript.SectionDeleteTestScript.verifySectionDeleteUsingValidInputData(SectionDeleteTestScript.java:181)
... Removed 22 stack frames]]>
    </failure>
  </testcase> <!-- verifySectionDeleteUsingValidInputData -->
  <testcase classname="com.menumitratCommonAPITestScript.GetMenuList" name="verifyMenuList" time="0.084"/>
  <testcase classname="com.menumitratCommonAPITestScript.WaiterCreateTestScript" name="verifyWaiterCreate" time="0.056">
    <failure type="com.menumitra.utilityclass.customException" message="Error in waiter create test: Status code mismatch - Expected: 200, Actual: 400">
      <![CDATA[com.menumitra.utilityclass.customException: Error in waiter create test: Status code mismatch - Expected: 200, Actual: 400
	at com.menumitratCommonAPITestScript.WaiterCreateTestScript.verifyWaiterCreate(WaiterCreateTestScript.java:272)
... Removed 22 stack frames]]>
    </failure>
  </testcase> <!-- verifyWaiterCreate -->
  <testcase classname="com.menumitratCommonAPITestScript.WaiterUpdateTestScript" name="verifyWaiterUpdate" time="0.079"/>
  <testcase classname="com.menumitratCommonAPITestScript.WaiterListViewTestScript" name="waiterListViewTest" time="0.074"/>
</testsuite> <!-- Test -->
