<?xml version="1.0" encoding="UTF-8"?>
<!-- Generated by org.testng.reporters.JUnitXMLReporter -->
<testsuite hostname="DESKTOP-MRVJBNT" failures="0" tests="4" name="Test" time="7.312" errors="0" timestamp="8 Jun 2025 18:09:52 GMT">
  <testcase classname="com.menumitratCommonAPITestScript.TableListViewTestScript" name="verifyTableListView" time="1.157"/>
  <testcase classname="com.menumitratCommonAPITestScript.ActivityLogTestScript" name="activityLogTest" time="0.19"/>
  <testcase classname="com.menumitratCommonAPITestScript.ChefListViewTestScript" name="chefListViewTest" time="0.087"/>
  <testcase classname="com.menumitratCommonAPITestScript.ChefViewTestScript" name="chefViewTest" time="0.106"/>
</testsuite> <!-- Test -->
