<?xml version="1.0" encoding="UTF-8"?>
<testng-results total="1" passed="1" failed="0" skipped="0">
  <reporter-output>
  </reporter-output>
  <suite started-at="2025-06-10T07:30:52Z" name="Suite" finished-at="2025-06-10T07:30:59Z" duration-ms="6648">
    <groups>
    </groups>
    <test started-at="2025-06-10T07:30:52Z" name="Test" finished-at="2025-06-10T07:30:59Z" duration-ms="6648">
      <class name="com.menumitratCommonAPITestScript.WaiterCreateTestScript">
        <test-method is-config="true" signature="waiterCreateSetUp()[pri:0, instance:com.menumitratCommonAPITestScript.WaiterCreateTestScript@77f1baf5]" started-at="2025-06-10T13:00:52Z" name="waiterCreateSetUp" finished-at="2025-06-10T13:00:58Z" duration-ms="5737" status="PASS">
          <reporter-output>
          </reporter-output>
        </test-method> <!-- waiterCreateSetUp -->
        <test-method signature="verifyWaiterCreate(java.lang.String, java.lang.String, java.lang.String, java.lang.String, java.lang.String, java.lang.String, java.lang.String, java.lang.String)[pri:0, instance:com.menumitratCommonAPITestScript.WaiterCreateTestScript@77f1baf5]" started-at="2025-06-10T13:00:59Z" name="verifyWaiterCreate" data-provider="getWaiterCreateData" finished-at="2025-06-10T13:00:59Z" duration-ms="220" status="PASS">
          <params>
            <param index="0">
              <value>
                <![CDATA[waitercreate]]>
              </value>
            </param>
            <param index="1">
              <value>
                <![CDATA[waitercreate_001]]>
              </value>
            </param>
            <param index="2">
              <value>
                <![CDATA[positive]]>
              </value>
            </param>
            <param index="3">
              <value>
                <![CDATA[verify Waiter create]]>
              </value>
            </param>
            <param index="4">
              <value>
                <![CDATA[post]]>
              </value>
            </param>
            <param index="5">
              <value>
                <![CDATA[{
 
 "user_id":2,
 "outlet_id":1,
 "name":"waitvaibhav",
 "mobile":"8237090371",
 "address":"satara",
 "aadhar_number":"343332322321",
 "dob":"12 Jan 2023",
 "email":"h@gmail.com",
 "app_source":"waiter_app",
 "functionality_ids":[1,2,3,4,7]

}]]>
              </value>
            </param>
            <param index="6">
              <value>
                <![CDATA[{
    "detail": "Waiter created successfully"
}]]>
              </value>
            </param>
            <param index="7">
              <value>
                <![CDATA[200]]>
              </value>
            </param>
          </params>
          <reporter-output>
          </reporter-output>
        </test-method> <!-- verifyWaiterCreate -->
      </class> <!-- com.menumitratCommonAPITestScript.WaiterCreateTestScript -->
      <class name="com.menumitra.superclass.APIBase">
        <test-method is-config="true" signature="setUp()[pri:0, instance:com.menumitra.superclass.APIBase@7d20d0b]" started-at="2025-06-10T13:00:52Z" name="setUp" finished-at="2025-06-10T13:00:52Z" duration-ms="40" status="PASS">
          <reporter-output>
          </reporter-output>
        </test-method> <!-- setUp -->
        <test-method is-config="true" signature="tearDown()[pri:0, instance:com.menumitra.superclass.APIBase@7d20d0b]" started-at="2025-06-10T13:00:59Z" name="tearDown" finished-at="2025-06-10T13:00:59Z" duration-ms="1" status="PASS">
          <reporter-output>
          </reporter-output>
        </test-method> <!-- tearDown -->
      </class> <!-- com.menumitra.superclass.APIBase -->
    </test> <!-- Test -->
  </suite> <!-- Suite -->
</testng-results>
