<?xml version="1.0" encoding="UTF-8"?>
<testng-results total="1" passed="1" failed="0" skipped="0">
  <reporter-output>
  </reporter-output>
  <suite started-at="2025-06-09T08:45:03Z" name="Suite" finished-at="2025-06-09T08:45:07Z" duration-ms="4818">
    <groups>
    </groups>
    <test started-at="2025-06-09T08:45:03Z" name="Test" finished-at="2025-06-09T08:45:07Z" duration-ms="4818">
      <class name="com.menumitratCommonAPITestScript.SectionDeleteTestScript">
        <test-method is-config="true" signature="sectionDeleteSetup()[pri:0, instance:com.menumitratCommonAPITestScript.SectionDeleteTestScript@41a2befb]" started-at="2025-06-09T14:15:03Z" name="sectionDeleteSetup" finished-at="2025-06-09T14:15:07Z" duration-ms="4237" status="PASS">
          <reporter-output>
          </reporter-output>
        </test-method> <!-- sectionDeleteSetup -->
        <test-method signature="verifySectionDeleteUsingValidInputData(java.lang.String, java.lang.String, java.lang.String, java.lang.String, java.lang.String, java.lang.String, java.lang.String, java.lang.String)[pri:1, instance:com.menumitratCommonAPITestScript.SectionDeleteTestScript@41a2befb]" started-at="2025-06-09T14:15:07Z" name="verifySectionDeleteUsingValidInputData" data-provider="getSectionDeletePositiveInputData" finished-at="2025-06-09T14:15:07Z" duration-ms="175" status="PASS">
          <params>
            <param index="0">
              <value>
                <![CDATA[sectiondelete]]>
              </value>
            </param>
            <param index="1">
              <value>
                <![CDATA[sectiondelete_001]]>
              </value>
            </param>
            <param index="2">
              <value>
                <![CDATA[positive]]>
              </value>
            </param>
            <param index="3">
              <value>
                <![CDATA[Valid user_id, outlet_id, and section_id]]>
              </value>
            </param>
            <param index="4">
              <value>
                <![CDATA[delete]]>
              </value>
            </param>
            <param index="5">
              <value>
                <![CDATA[{
    "user_id":2,
    "outlet_id": 1,
    "section_id":69,
  "app_source":"owner_app"
}]]>
              </value>
            </param>
            <param index="6">
              <value>
                <![CDATA[{
  "detail": "Outlet Section and associated tables deleted successfully"
}]]>
              </value>
            </param>
            <param index="7">
              <value>
                <![CDATA[200]]>
              </value>
            </param>
          </params>
          <reporter-output>
          </reporter-output>
        </test-method> <!-- verifySectionDeleteUsingValidInputData -->
        <test-method is-config="true" signature="tearDown()[pri:0, instance:com.menumitratCommonAPITestScript.SectionDeleteTestScript@41a2befb]" started-at="2025-06-09T14:15:07Z" name="tearDown" finished-at="2025-06-09T14:15:07Z" duration-ms="2" status="PASS">
          <reporter-output>
          </reporter-output>
        </test-method> <!-- tearDown -->
      </class> <!-- com.menumitratCommonAPITestScript.SectionDeleteTestScript -->
      <class name="com.menumitra.superclass.APIBase">
        <test-method is-config="true" signature="setUp()[pri:0, instance:com.menumitra.superclass.APIBase@77f1baf5]" started-at="2025-06-09T14:15:03Z" name="setUp" finished-at="2025-06-09T14:15:03Z" duration-ms="51" status="PASS">
          <reporter-output>
          </reporter-output>
        </test-method> <!-- setUp -->
        <test-method is-config="true" signature="tearDown()[pri:0, instance:com.menumitra.superclass.APIBase@77f1baf5]" started-at="2025-06-09T14:15:08Z" name="tearDown" finished-at="2025-06-09T14:15:08Z" duration-ms="0" status="PASS">
          <reporter-output>
          </reporter-output>
        </test-method> <!-- tearDown -->
      </class> <!-- com.menumitra.superclass.APIBase -->
    </test> <!-- Test -->
  </suite> <!-- Suite -->
</testng-results>
